android/app/build/intermediates/manifest_merge_blame_file/debug/manifest-merger-blame-debug-report.txt
1<?xml version="1.0" encoding="utf-8"?>
2<manifest xmlns:android="http://schemas.android.com/apk/res/android"
3    package="com.triptrader"
4    android:versionCode="1"
5    android:versionName="1.0" >
6
7    <uses-sdk
8        android:minSdkVersion="21"
9        android:targetSdkVersion="33" />
10
11    <uses-permission
11-->src/main/AndroidManifest.xml:23:1-118
12        android:name="android.permission.SYSTEM_ALERT_WINDOW"
12-->src/main/AndroidManifest.xml:23:18-71
13        android:autoRevokePermissions="disallowed" />
13-->src/main/AndroidManifest.xml:23:72-114
14    <uses-permission android:name="android.permission.INTERNET" />
14-->src/main/AndroidManifest.xml:4:5-70
14-->src/main/AndroidManifest.xml:4:22-64
15    <uses-permission android:name="android.permission.ACCESS_WIFI_STATE" />
15-->src/main/AndroidManifest.xml:5:5-77
15-->src/main/AndroidManifest.xml:5:22-73
16    <uses-permission android:name="android.permission.CAMERA" />
16-->src/main/AndroidManifest.xml:6:3-66
16-->src/main/AndroidManifest.xml:6:20-60
17
18    <uses-feature android:name="android.hardware.camera" />
18-->src/main/AndroidManifest.xml:7:5-62
18-->src/main/AndroidManifest.xml:7:19-57
19    <uses-feature android:name="android.hardware.camera.front" />
19-->src/main/AndroidManifest.xml:8:5-69
19-->src/main/AndroidManifest.xml:8:19-63
20    <uses-feature android:name="android.hardware.camera.autofocus" />
20-->src/main/AndroidManifest.xml:9:5-72
20-->src/main/AndroidManifest.xml:9:19-67
21
22    <uses-permission android:name="android.permission.READ_MEDIA_IMAGES" />
22-->src/main/AndroidManifest.xml:10:5-76
22-->src/main/AndroidManifest.xml:10:22-73
23    <uses-permission android:name="android.permission.READ_EXTERNAL_STORAGE" />
23-->src/main/AndroidManifest.xml:11:5-82
23-->src/main/AndroidManifest.xml:11:22-77
24    <uses-permission android:name="android.permission.WRITE_EXTERNAL_STORAGE" />
24-->src/main/AndroidManifest.xml:12:5-83
24-->src/main/AndroidManifest.xml:12:22-78
25    <uses-permission android:name="android.permission.INSTALL_GRANT_RUNTIME_PERMISSIONS" />
25-->src/main/AndroidManifest.xml:13:5-94
25-->src/main/AndroidManifest.xml:13:22-89
26    <uses-permission android:name="android.permission.ACCESS_NETWORK_STATE" />
26-->src/main/AndroidManifest.xml:14:5-82
26-->src/main/AndroidManifest.xml:14:22-76
27    <uses-permission android:name="android.permission.ACCESS_NOTIFICATION_POLICY" />
27-->src/main/AndroidManifest.xml:16:2-84
27-->src/main/AndroidManifest.xml:16:19-79
28    <uses-permission
28-->src/main/AndroidManifest.xml:17:1-106
29        android:name="android.permission.VIBRATE"
29-->src/main/AndroidManifest.xml:17:18-59
30        android:autoRevokePermissions="disallowed" />
30-->src/main/AndroidManifest.xml:17:60-102
31    <uses-permission
31-->src/main/AndroidManifest.xml:18:1-120
32        android:name="android.permission.RECEIVE_BOOT_COMPLETED"
32-->src/main/AndroidManifest.xml:18:18-74
33        android:autoRevokePermissions="disallowed" />
33-->src/main/AndroidManifest.xml:18:75-117
34    <uses-permission
34-->src/main/AndroidManifest.xml:19:1-121
35        android:name="android.permission.USE_FULL_SCREEN_INTENT"
35-->src/main/AndroidManifest.xml:19:18-74
36        android:autoRevokePermissions="disallowed" />
36-->src/main/AndroidManifest.xml:19:75-117
37    <uses-permission
37-->src/main/AndroidManifest.xml:20:1-116
38        android:name="android.permission.POST_NOTIFICATIONS"
38-->src/main/AndroidManifest.xml:20:18-70
39        android:autoRevokePermissions="disallowed" />
39-->src/main/AndroidManifest.xml:20:71-113
40    <uses-permission
40-->src/main/AndroidManifest.xml:21:1-122
41        android:name="android.permission.ACCESS_SURFACE_FLINGER"
41-->src/main/AndroidManifest.xml:21:18-74
42        android:autoRevokePermissions="disallowed" />
42-->src/main/AndroidManifest.xml:21:76-118
43    <uses-permission
43-->src/main/AndroidManifest.xml:22:1-129
44        android:name="android.permission.BROADCAST_CLOSE_SYSTEM_DIALOGS"
44-->src/main/AndroidManifest.xml:22:18-82
45        android:autoRevokePermissions="disallowed" />
45-->src/main/AndroidManifest.xml:22:84-126
46    <uses-permission android:name="android.permission.WAKE_LOCK" /> <!-- Required by older versions of Google Play services to create IID tokens -->
46-->[:react-native-firebase_analytics] AndroidManifest.xml:9:5-68
46-->[:react-native-firebase_analytics] AndroidManifest.xml:9:22-65
47    <uses-permission android:name="com.google.android.c2dm.permission.RECEIVE" />
47-->[com.google.firebase:firebase-messaging:23.0.7] AndroidManifest.xml:29:5-82
47-->[com.google.firebase:firebase-messaging:23.0.7] AndroidManifest.xml:29:22-79
48    <uses-permission android:name="com.google.android.gms.permission.AD_ID" /> <!-- See https://developer.android.com/training/package-visibility/declaring for more details. -->
48-->[com.google.android.gms:play-services-measurement-api:21.1.0] AndroidManifest.xml:25:5-79
48-->[com.google.android.gms:play-services-measurement-api:21.1.0] AndroidManifest.xml:25:22-76
49    <queries>
49-->[com.stripe:payments-core:19.3.1] AndroidManifest.xml:10:5-14:15
50
51        <!-- Added to check if Chrome is installed for browser-based payment authentication (e.g. 3DS1). -->
52        <package android:name="com.android.chrome" />
52-->[com.stripe:payments-core:19.3.1] AndroidManifest.xml:13:9-54
52-->[com.stripe:payments-core:19.3.1] AndroidManifest.xml:13:18-51
53        <!-- Needs to be explicitly declared on Android R+ -->
54        <package android:name="com.google.android.apps.maps" />
54-->[com.google.android.gms:play-services-maps:18.0.2] AndroidManifest.xml:33:9-64
54-->[com.google.android.gms:play-services-maps:18.0.2] AndroidManifest.xml:33:18-61
55    </queries>
56
57    <uses-permission android:name="com.google.android.finsky.permission.BIND_GET_INSTALL_REFERRER_SERVICE" />
57-->[com.google.android.gms:play-services-measurement:21.1.0] AndroidManifest.xml:26:5-110
57-->[com.google.android.gms:play-services-measurement:21.1.0] AndroidManifest.xml:26:22-107
58
59    <uses-feature
59-->[com.google.android.gms:play-services-maps:18.0.2] AndroidManifest.xml:26:5-28:35
60        android:glEsVersion="0x00020000"
60-->[com.google.android.gms:play-services-maps:18.0.2] AndroidManifest.xml:27:9-41
61        android:required="true" /> <!-- for android -->
61-->[com.google.android.gms:play-services-maps:18.0.2] AndroidManifest.xml:28:9-32
62    <!-- <uses-permission android:name="com.android.launcher.permission.READ_SETTINGS"/> -->
63    <!-- <uses-permission android:name="com.android.launcher.permission.WRITE_SETTINGS"/> -->
64    <!-- <uses-permission android:name="com.android.launcher.permission.INSTALL_SHORTCUT" /> -->
65    <!-- <uses-permission android:name="com.android.launcher.permission.UNINSTALL_SHORTCUT" /> -->
66    <!-- for Samsung -->
67    <uses-permission android:name="com.sec.android.provider.badge.permission.READ" />
67-->[me.leolin:ShortcutBadger:1.1.22] AndroidManifest.xml:19:5-86
67-->[me.leolin:ShortcutBadger:1.1.22] AndroidManifest.xml:19:22-83
68    <uses-permission android:name="com.sec.android.provider.badge.permission.WRITE" /> <!-- for htc -->
68-->[me.leolin:ShortcutBadger:1.1.22] AndroidManifest.xml:20:5-87
68-->[me.leolin:ShortcutBadger:1.1.22] AndroidManifest.xml:20:22-84
69    <uses-permission android:name="com.htc.launcher.permission.READ_SETTINGS" />
69-->[me.leolin:ShortcutBadger:1.1.22] AndroidManifest.xml:23:5-81
69-->[me.leolin:ShortcutBadger:1.1.22] AndroidManifest.xml:23:22-78
70    <uses-permission android:name="com.htc.launcher.permission.UPDATE_SHORTCUT" /> <!-- for sony -->
70-->[me.leolin:ShortcutBadger:1.1.22] AndroidManifest.xml:24:5-83
70-->[me.leolin:ShortcutBadger:1.1.22] AndroidManifest.xml:24:22-80
71    <uses-permission android:name="com.sonyericsson.home.permission.BROADCAST_BADGE" />
71-->[me.leolin:ShortcutBadger:1.1.22] AndroidManifest.xml:27:5-88
71-->[me.leolin:ShortcutBadger:1.1.22] AndroidManifest.xml:27:22-85
72    <uses-permission android:name="com.sonymobile.home.permission.PROVIDER_INSERT_BADGE" /> <!-- for apex -->
72-->[me.leolin:ShortcutBadger:1.1.22] AndroidManifest.xml:28:5-92
72-->[me.leolin:ShortcutBadger:1.1.22] AndroidManifest.xml:28:22-89
73    <uses-permission android:name="com.anddoes.launcher.permission.UPDATE_COUNT" /> <!-- for solid -->
73-->[me.leolin:ShortcutBadger:1.1.22] AndroidManifest.xml:31:5-84
73-->[me.leolin:ShortcutBadger:1.1.22] AndroidManifest.xml:31:22-81
74    <uses-permission android:name="com.majeur.launcher.permission.UPDATE_BADGE" /> <!-- for huawei -->
74-->[me.leolin:ShortcutBadger:1.1.22] AndroidManifest.xml:34:5-83
74-->[me.leolin:ShortcutBadger:1.1.22] AndroidManifest.xml:34:22-80
75    <uses-permission android:name="com.huawei.android.launcher.permission.CHANGE_BADGE" />
75-->[me.leolin:ShortcutBadger:1.1.22] AndroidManifest.xml:37:5-91
75-->[me.leolin:ShortcutBadger:1.1.22] AndroidManifest.xml:37:22-88
76    <uses-permission android:name="com.huawei.android.launcher.permission.READ_SETTINGS" />
76-->[me.leolin:ShortcutBadger:1.1.22] AndroidManifest.xml:38:5-92
76-->[me.leolin:ShortcutBadger:1.1.22] AndroidManifest.xml:38:22-89
77    <uses-permission android:name="com.huawei.android.launcher.permission.WRITE_SETTINGS" /> <!-- for ZUK -->
77-->[me.leolin:ShortcutBadger:1.1.22] AndroidManifest.xml:39:5-93
77-->[me.leolin:ShortcutBadger:1.1.22] AndroidManifest.xml:39:22-90
78    <uses-permission android:name="android.permission.READ_APP_BADGE" /> <!-- for OPPO -->
78-->[me.leolin:ShortcutBadger:1.1.22] AndroidManifest.xml:42:5-73
78-->[me.leolin:ShortcutBadger:1.1.22] AndroidManifest.xml:42:22-70
79    <uses-permission android:name="com.oppo.launcher.permission.READ_SETTINGS" />
79-->[me.leolin:ShortcutBadger:1.1.22] AndroidManifest.xml:45:5-82
79-->[me.leolin:ShortcutBadger:1.1.22] AndroidManifest.xml:45:22-79
80    <uses-permission android:name="com.oppo.launcher.permission.WRITE_SETTINGS" /> <!-- for EvMe -->
80-->[me.leolin:ShortcutBadger:1.1.22] AndroidManifest.xml:46:5-83
80-->[me.leolin:ShortcutBadger:1.1.22] AndroidManifest.xml:46:22-80
81    <uses-permission android:name="me.everything.badger.permission.BADGE_COUNT_READ" />
81-->[me.leolin:ShortcutBadger:1.1.22] AndroidManifest.xml:49:5-88
81-->[me.leolin:ShortcutBadger:1.1.22] AndroidManifest.xml:49:22-85
82    <uses-permission android:name="me.everything.badger.permission.BADGE_COUNT_WRITE" />
82-->[me.leolin:ShortcutBadger:1.1.22] AndroidManifest.xml:50:5-89
82-->[me.leolin:ShortcutBadger:1.1.22] AndroidManifest.xml:50:22-86
83
84    <application
84-->src/main/AndroidManifest.xml:28:5-71:19
85        android:name="com.triptrader.MainApplication"
85-->src/main/AndroidManifest.xml:29:7-38
86        android:allowBackup="false"
86-->src/main/AndroidManifest.xml:33:7-34
87        android:appComponentFactory="androidx.core.app.CoreComponentFactory"
87-->[androidx.core:core:1.7.0] AndroidManifest.xml:24:18-86
88        android:debuggable="true"
89        android:icon="@mipmap/ic_launcher"
89-->src/main/AndroidManifest.xml:31:7-41
90        android:label="@string/app_name"
90-->src/main/AndroidManifest.xml:30:7-39
91        android:requestLegacyExternalStorage="true"
91-->src/main/AndroidManifest.xml:32:7-50
92        android:supportsRtl="true"
92-->[com.github.numandev1:VideoCompressor:715bcc16e9] AndroidManifest.xml:16:9-35
93        android:theme="@style/AppTheme"
93-->src/main/AndroidManifest.xml:35:7-38
94        android:usesCleartextTraffic="true" >
94-->src/main/AndroidManifest.xml:34:7-42
95        <activity
95-->src/debug/AndroidManifest.xml:11:9-111
96            android:name="com.facebook.react.devsupport.DevSettingsActivity"
96-->src/debug/AndroidManifest.xml:11:19-83
97            android:exported="false" />
97-->src/debug/AndroidManifest.xml:11:84-108
98        <!-- android:roundIcon="@mipmap/ic_launcher_round" -->
99        <!-- push ntfctns -->
100        <meta-data
100-->src/main/AndroidManifest.xml:40:2-42:65
101            android:name="com.dieam.reactnativepushnotification.default_notification_channel_id"
101-->src/main/AndroidManifest.xml:41:7-91
102            android:value="@string/default_notification_channel_id" />
102-->src/main/AndroidManifest.xml:42:7-62
103        <!--
104 <meta-data
105      android:name="com.google.firebase.messaging.default_notification_channel_id"
106      android:value="@string/default_notification_channel_id" />
107        -->
108        <!-- Change the value to true to enable pop-up for in foreground on receiving remote notifications (for prevent duplicating while showing local notifications set this to false) -->
109        <meta-data
109-->src/main/AndroidManifest.xml:49:9-50:35
110            android:name="com.dieam.reactnativepushnotification.notification_foreground"
110-->src/main/AndroidManifest.xml:49:21-97
111            android:value="false" />
111-->src/main/AndroidManifest.xml:50:12-33
112        <meta-data
112-->src/main/AndroidManifest.xml:51:1-128
113            android:name="com.google.firebase.messaging.default_notification_icon"
113-->src/main/AndroidManifest.xml:51:12-82
114            android:resource="@mipmap/ic_notification" />
114-->src/main/AndroidManifest.xml:51:83-125
115
116        <receiver android:name="com.dieam.reactnativepushnotification.modules.RNPushNotificationActions" /> <!-- end push ntfctns -->
116-->src/main/AndroidManifest.xml:52:2-101
116-->src/main/AndroidManifest.xml:52:12-98
117        <activity
117-->src/main/AndroidManifest.xml:55:7-70:18
118            android:name="com.triptrader.MainActivity"
118-->src/main/AndroidManifest.xml:56:9-37
119            android:configChanges="keyboard|keyboardHidden|orientation|screenLayout|screenSize|smallestScreenSize|uiMode"
119-->src/main/AndroidManifest.xml:58:9-118
120            android:exported="true"
120-->src/main/AndroidManifest.xml:61:9-32
121            android:label="@string/app_name"
121-->src/main/AndroidManifest.xml:57:9-41
122            android:launchMode="singleTask"
122-->src/main/AndroidManifest.xml:59:9-40
123            android:windowSoftInputMode="adjustResize" >
123-->src/main/AndroidManifest.xml:60:9-51
124            <intent-filter>
124-->src/main/AndroidManifest.xml:62:9-65:25
125                <action android:name="android.intent.action.MAIN" />
125-->src/main/AndroidManifest.xml:63:9-61
125-->src/main/AndroidManifest.xml:63:17-58
126
127                <category android:name="android.intent.category.LAUNCHER" />
127-->src/main/AndroidManifest.xml:64:13-73
127-->src/main/AndroidManifest.xml:64:23-70
128            </intent-filter>
129            <intent-filter>
129-->src/main/AndroidManifest.xml:67:11-69:29
130                <data android:scheme="my-triptrader-app" />
130-->src/main/AndroidManifest.xml:68:13-56
130-->src/main/AndroidManifest.xml:68:19-53
131            </intent-filter>
132        </activity>
133
134        <meta-data
134-->[:react-native-firebase_analytics] AndroidManifest.xml:12:9-14:36
135            android:name="firebase_analytics_collection_enabled"
135-->[:react-native-firebase_analytics] AndroidManifest.xml:13:13-65
136            android:value="true" />
136-->[:react-native-firebase_analytics] AndroidManifest.xml:14:13-33
137        <meta-data
137-->[:react-native-firebase_analytics] AndroidManifest.xml:15:9-17:37
138            android:name="firebase_analytics_collection_deactivated"
138-->[:react-native-firebase_analytics] AndroidManifest.xml:16:13-69
139            android:value="false" />
139-->[:react-native-firebase_analytics] AndroidManifest.xml:17:13-34
140        <meta-data
140-->[:react-native-firebase_analytics] AndroidManifest.xml:18:9-20:36
141            android:name="google_analytics_adid_collection_enabled"
141-->[:react-native-firebase_analytics] AndroidManifest.xml:19:13-68
142            android:value="true" />
142-->[:react-native-firebase_analytics] AndroidManifest.xml:20:13-33
143        <meta-data
143-->[:react-native-firebase_analytics] AndroidManifest.xml:21:9-23:36
144            android:name="google_analytics_ssaid_collection_enabled"
144-->[:react-native-firebase_analytics] AndroidManifest.xml:22:13-69
145            android:value="true" />
145-->[:react-native-firebase_analytics] AndroidManifest.xml:23:13-33
146        <meta-data
146-->[:react-native-firebase_analytics] AndroidManifest.xml:24:9-26:36
147            android:name="google_analytics_default_allow_ad_personalization_signals"
147-->[:react-native-firebase_analytics] AndroidManifest.xml:25:13-85
148            android:value="true" /> <!-- Disable crashlytics by default so we can custom init with CrashlyticsNdk support -->
148-->[:react-native-firebase_analytics] AndroidManifest.xml:26:13-33
149        <meta-data
149-->[:react-native-firebase_crashlytics] AndroidManifest.xml:10:9-12:37
150            android:name="firebase_crashlytics_collection_enabled"
150-->[:react-native-firebase_crashlytics] AndroidManifest.xml:11:13-67
151            android:value="false" />
151-->[:react-native-firebase_crashlytics] AndroidManifest.xml:12:13-34
152
153        <provider
153-->[:react-native-firebase_crashlytics] AndroidManifest.xml:14:9-18:38
154            android:name="io.invertase.firebase.crashlytics.ReactNativeFirebaseCrashlyticsInitProvider"
154-->[:react-native-firebase_crashlytics] AndroidManifest.xml:15:13-104
155            android:authorities="com.triptrader.reactnativefirebasecrashlyticsinitprovider"
155-->[:react-native-firebase_crashlytics] AndroidManifest.xml:16:13-94
156            android:exported="false"
156-->[:react-native-firebase_crashlytics] AndroidManifest.xml:17:13-37
157            android:initOrder="98" />
157-->[:react-native-firebase_crashlytics] AndroidManifest.xml:18:13-35
158
159        <service android:name="io.invertase.firebase.messaging.ReactNativeFirebaseMessagingHeadlessService" />
159-->[:react-native-firebase_messaging] AndroidManifest.xml:12:9-111
159-->[:react-native-firebase_messaging] AndroidManifest.xml:12:18-108
160        <service
160-->[:react-native-firebase_messaging] AndroidManifest.xml:13:9-19:19
161            android:name="io.invertase.firebase.messaging.ReactNativeFirebaseMessagingService"
161-->[:react-native-firebase_messaging] AndroidManifest.xml:14:13-95
162            android:exported="false" >
162-->[:react-native-firebase_messaging] AndroidManifest.xml:15:13-37
163            <intent-filter>
163-->[:react-native-firebase_messaging] AndroidManifest.xml:16:13-18:29
164                <action android:name="com.google.firebase.MESSAGING_EVENT" />
164-->[:react-native-firebase_messaging] AndroidManifest.xml:17:17-78
164-->[:react-native-firebase_messaging] AndroidManifest.xml:17:25-75
165            </intent-filter>
166        </service>
167
168        <receiver
168-->[:react-native-firebase_messaging] AndroidManifest.xml:21:9-28:20
169            android:name="io.invertase.firebase.messaging.ReactNativeFirebaseMessagingReceiver"
169-->[:react-native-firebase_messaging] AndroidManifest.xml:22:13-96
170            android:exported="true"
170-->[:react-native-firebase_messaging] AndroidManifest.xml:23:13-36
171            android:permission="com.google.android.c2dm.permission.SEND" >
171-->[:react-native-firebase_messaging] AndroidManifest.xml:24:13-73
172            <intent-filter>
172-->[:react-native-firebase_messaging] AndroidManifest.xml:25:13-27:29
173                <action android:name="com.google.android.c2dm.intent.RECEIVE" />
173-->[:react-native-firebase_messaging] AndroidManifest.xml:26:17-81
173-->[:react-native-firebase_messaging] AndroidManifest.xml:26:25-78
174            </intent-filter>
175        </receiver>
176
177        <meta-data
177-->[:react-native-firebase_messaging] AndroidManifest.xml:30:9-32:36
178            android:name="firebase_messaging_auto_init_enabled"
178-->[:react-native-firebase_messaging] AndroidManifest.xml:31:13-64
179            android:value="true" />
179-->[:react-native-firebase_messaging] AndroidManifest.xml:32:13-33
180        <meta-data
180-->[:react-native-firebase_messaging] AndroidManifest.xml:33:9-35:32
181            android:name="com.google.firebase.messaging.default_notification_channel_id"
181-->[:react-native-firebase_messaging] AndroidManifest.xml:34:13-89
182            android:value="" />
182-->[:react-native-firebase_messaging] AndroidManifest.xml:35:13-29
183        <meta-data
183-->[:react-native-firebase_messaging] AndroidManifest.xml:36:9-38:47
184            android:name="com.google.firebase.messaging.default_notification_color"
184-->[:react-native-firebase_messaging] AndroidManifest.xml:37:13-84
185            android:resource="@color/white" />
185-->[:react-native-firebase_messaging] AndroidManifest.xml:38:13-44
186        <meta-data
186-->[:react-native-firebase_app] AndroidManifest.xml:8:9-10:36
187            android:name="app_data_collection_default_enabled"
187-->[:react-native-firebase_app] AndroidManifest.xml:9:13-63
188            android:value="true" />
188-->[:react-native-firebase_app] AndroidManifest.xml:10:13-33
189
190        <service
190-->[:react-native-firebase_app] AndroidManifest.xml:12:9-16:19
191            android:name="com.google.firebase.components.ComponentDiscoveryService"
191-->[:react-native-firebase_app] AndroidManifest.xml:12:18-89
192            android:directBootAware="true"
192-->[com.google.firebase:firebase-common:20.1.1] AndroidManifest.xml:35:13-43
193            android:exported="false" >
193-->[com.google.firebase:firebase-crashlytics-ndk:18.2.12] AndroidManifest.xml:34:13-37
194            <meta-data
194-->[:react-native-firebase_app] AndroidManifest.xml:13:13-15:85
195                android:name="com.google.firebase.components:io.invertase.firebase.app.ReactNativeFirebaseAppRegistrar"
195-->[:react-native-firebase_app] AndroidManifest.xml:14:17-120
196                android:value="com.google.firebase.components.ComponentRegistrar" />
196-->[:react-native-firebase_app] AndroidManifest.xml:15:17-82
197            <meta-data
197-->[com.google.firebase:firebase-crashlytics-ndk:18.2.12] AndroidManifest.xml:35:13-37:85
198                android:name="com.google.firebase.components:com.google.firebase.crashlytics.ndk.CrashlyticsNdkRegistrar"
198-->[com.google.firebase:firebase-crashlytics-ndk:18.2.12] AndroidManifest.xml:36:17-122
199                android:value="com.google.firebase.components.ComponentRegistrar" />
199-->[com.google.firebase:firebase-crashlytics-ndk:18.2.12] AndroidManifest.xml:37:17-82
200            <meta-data
200-->[com.google.firebase:firebase-messaging:23.0.7] AndroidManifest.xml:56:13-58:85
201                android:name="com.google.firebase.components:com.google.firebase.messaging.FirebaseMessagingRegistrar"
201-->[com.google.firebase:firebase-messaging:23.0.7] AndroidManifest.xml:57:17-119
202                android:value="com.google.firebase.components.ComponentRegistrar" />
202-->[com.google.firebase:firebase-messaging:23.0.7] AndroidManifest.xml:58:17-82
203            <meta-data
203-->[com.google.firebase:firebase-crashlytics:18.2.12] AndroidManifest.xml:18:13-20:85
204                android:name="com.google.firebase.components:com.google.firebase.crashlytics.CrashlyticsRegistrar"
204-->[com.google.firebase:firebase-crashlytics:18.2.12] AndroidManifest.xml:19:17-115
205                android:value="com.google.firebase.components.ComponentRegistrar" />
205-->[com.google.firebase:firebase-crashlytics:18.2.12] AndroidManifest.xml:20:17-82
206            <meta-data
206-->[com.google.firebase:firebase-datatransport:18.1.5] AndroidManifest.xml:28:13-30:85
207                android:name="com.google.firebase.components:com.google.firebase.datatransport.TransportRegistrar"
207-->[com.google.firebase:firebase-datatransport:18.1.5] AndroidManifest.xml:29:17-115
208                android:value="com.google.firebase.components.ComponentRegistrar" />
208-->[com.google.firebase:firebase-datatransport:18.1.5] AndroidManifest.xml:30:17-82
209            <meta-data
209-->[com.google.firebase:firebase-auth:21.0.7] AndroidManifest.xml:67:13-69:85
210                android:name="com.google.firebase.components:com.google.firebase.auth.FirebaseAuthRegistrar"
210-->[com.google.firebase:firebase-auth:21.0.7] AndroidManifest.xml:68:17-109
211                android:value="com.google.firebase.components.ComponentRegistrar" />
211-->[com.google.firebase:firebase-auth:21.0.7] AndroidManifest.xml:69:17-82
212            <meta-data
212-->[com.google.firebase:firebase-firestore:24.2.2] AndroidManifest.xml:20:13-22:85
213                android:name="com.google.firebase.components:com.google.firebase.firestore.FirestoreRegistrar"
213-->[com.google.firebase:firebase-firestore:24.2.2] AndroidManifest.xml:21:17-111
214                android:value="com.google.firebase.components.ComponentRegistrar" />
214-->[com.google.firebase:firebase-firestore:24.2.2] AndroidManifest.xml:22:17-82
215            <meta-data
215-->[com.google.android.gms:play-services-measurement-api:21.1.0] AndroidManifest.xml:31:13-33:85
216                android:name="com.google.firebase.components:com.google.firebase.analytics.connector.internal.AnalyticsConnectorRegistrar"
216-->[com.google.android.gms:play-services-measurement-api:21.1.0] AndroidManifest.xml:32:17-139
217                android:value="com.google.firebase.components.ComponentRegistrar" />
217-->[com.google.android.gms:play-services-measurement-api:21.1.0] AndroidManifest.xml:33:17-82
218            <meta-data
218-->[com.google.firebase:firebase-installations:17.0.1] AndroidManifest.xml:18:13-20:85
219                android:name="com.google.firebase.components:com.google.firebase.installations.FirebaseInstallationsRegistrar"
219-->[com.google.firebase:firebase-installations:17.0.1] AndroidManifest.xml:19:17-127
220                android:value="com.google.firebase.components.ComponentRegistrar" />
220-->[com.google.firebase:firebase-installations:17.0.1] AndroidManifest.xml:20:17-82
221        </service>
222
223        <provider
223-->[:react-native-firebase_app] AndroidManifest.xml:18:9-22:38
224            android:name="io.invertase.firebase.app.ReactNativeFirebaseAppInitProvider"
224-->[:react-native-firebase_app] AndroidManifest.xml:19:13-88
225            android:authorities="com.triptrader.reactnativefirebaseappinitprovider"
225-->[:react-native-firebase_app] AndroidManifest.xml:20:13-86
226            android:exported="false"
226-->[:react-native-firebase_app] AndroidManifest.xml:21:13-37
227            android:initOrder="99" />
227-->[:react-native-firebase_app] AndroidManifest.xml:22:13-35
228
229        <meta-data
229-->[:sentry_react-native] AndroidManifest.xml:11:9-13:37
230            android:name="io.sentry.auto-init"
230-->[:sentry_react-native] AndroidManifest.xml:12:13-47
231            android:value="false" />
231-->[:sentry_react-native] AndroidManifest.xml:13:13-34
232
233        <provider
233-->[:react-native-webview] AndroidManifest.xml:8:9-16:20
234            android:name="com.reactnativecommunity.webview.RNCWebViewFileProvider"
234-->[:react-native-webview] AndroidManifest.xml:9:13-83
235            android:authorities="com.triptrader.fileprovider"
235-->[:react-native-webview] AndroidManifest.xml:10:13-64
236            android:exported="false"
236-->[:react-native-webview] AndroidManifest.xml:11:13-37
237            android:grantUriPermissions="true" >
237-->[:react-native-webview] AndroidManifest.xml:12:13-47
238            <meta-data
238-->[:react-native-webview] AndroidManifest.xml:13:13-15:63
239                android:name="android.support.FILE_PROVIDER_PATHS"
239-->[:react-native-webview] AndroidManifest.xml:14:17-67
240                android:resource="@xml/file_provider_paths" />
240-->[:react-native-webview] AndroidManifest.xml:15:17-60
241        </provider>
242
243        <receiver
243-->[com.google.firebase:firebase-messaging:23.0.7] AndroidManifest.xml:32:9-39:20
244            android:name="com.google.firebase.iid.FirebaseInstanceIdReceiver"
244-->[com.google.firebase:firebase-messaging:23.0.7] AndroidManifest.xml:33:13-78
245            android:exported="true"
245-->[com.google.firebase:firebase-messaging:23.0.7] AndroidManifest.xml:34:13-36
246            android:permission="com.google.android.c2dm.permission.SEND" >
246-->[com.google.firebase:firebase-messaging:23.0.7] AndroidManifest.xml:35:13-73
247            <intent-filter>
247-->[:react-native-firebase_messaging] AndroidManifest.xml:25:13-27:29
248                <action android:name="com.google.android.c2dm.intent.RECEIVE" />
248-->[:react-native-firebase_messaging] AndroidManifest.xml:26:17-81
248-->[:react-native-firebase_messaging] AndroidManifest.xml:26:25-78
249            </intent-filter>
250        </receiver>
251        <!--
252             FirebaseMessagingService performs security checks at runtime,
253             but set to not exported to explicitly avoid allowing another app to call it.
254        -->
255        <service
255-->[com.google.firebase:firebase-messaging:23.0.7] AndroidManifest.xml:45:9-52:19
256            android:name="com.google.firebase.messaging.FirebaseMessagingService"
256-->[com.google.firebase:firebase-messaging:23.0.7] AndroidManifest.xml:46:13-82
257            android:directBootAware="true"
257-->[com.google.firebase:firebase-messaging:23.0.7] AndroidManifest.xml:47:13-43
258            android:exported="false" >
258-->[com.google.firebase:firebase-messaging:23.0.7] AndroidManifest.xml:48:13-37
259            <intent-filter android:priority="-500" >
259-->[:react-native-firebase_messaging] AndroidManifest.xml:16:13-18:29
260                <action android:name="com.google.firebase.MESSAGING_EVENT" />
260-->[:react-native-firebase_messaging] AndroidManifest.xml:17:17-78
260-->[:react-native-firebase_messaging] AndroidManifest.xml:17:25-75
261            </intent-filter>
262        </service>
263        <service